<?xml version="1.0" encoding="utf-8"?><testsuite errors="0" failures="0" name="pytest" skips="0" tests="3" time="1.980"><testcase classname="tests.test_app.TestRoutes" file="tests/test_app.py" line="8" name="test_healthcheck" time="0.0707554817199707"/><testcase classname="tests.test_app.TestRoutes" file="tests/test_app.py" line="15" name="test_login_route" time="0.1524658203125"/><testcase classname="tests.test_app.TestRoutes" file="tests/test_app.py" line="11" name="test_user_route" time="0.002255678176879883"/></testsuite>